0 info it worked if it ends with ok
1 verbose cli [ '/usr/local/bin/node',
1 verbose cli   '/usr/local/bin/npm',
1 verbose cli   'install',
1 verbose cli   'express-generator',
1 verbose cli   '-g' ]
2 info using npm@3.10.8
3 info using node@v6.9.1
4 silly loadCurrentTree Starting
5 silly install loadCurrentTree
6 silly install readGlobalPackageData
7 silly fetchPackageMetaData express-generator
8 silly fetchNamedPackageData express-generator
9 silly mapToRegistry name express-generator
10 silly mapToRegistry using default registry
11 silly mapToRegistry registry https://registry.npmjs.org/
12 silly mapToRegistry data Result {
12 silly mapToRegistry   raw: 'express-generator',
12 silly mapToRegistry   scope: null,
12 silly mapToRegistry   escapedName: 'express-generator',
12 silly mapToRegistry   name: 'express-generator',
12 silly mapToRegistry   rawSpec: '',
12 silly mapToRegistry   spec: 'latest',
12 silly mapToRegistry   type: 'tag' }
13 silly mapToRegistry uri https://registry.npmjs.org/express-generator
14 verbose request uri https://registry.npmjs.org/express-generator
15 verbose request no auth needed
16 info attempt registry request try #1 at 1:35:41 AM
17 verbose request id 2f176b322fd48f50
18 verbose etag W/"5819863f-8d9d"
19 verbose lastModified Wed, 02 Nov 2016 06:22:55 GMT
20 http request GET https://registry.npmjs.org/express-generator
21 http 304 https://registry.npmjs.org/express-generator
22 verbose headers { date: 'Sun, 20 Nov 2016 09:35:41 GMT',
22 verbose headers   via: '1.1 varnish',
22 verbose headers   'cache-control': 'max-age=300',
22 verbose headers   etag: 'W/"5819863f-8d9d"',
22 verbose headers   age: '49',
22 verbose headers   connection: 'keep-alive',
22 verbose headers   'x-served-by': 'cache-sjc3647-SJC',
22 verbose headers   'x-cache': 'HIT',
22 verbose headers   'x-cache-hits': '1',
22 verbose headers   'x-timer': 'S1479634541.986452,VS0,VE0',
22 verbose headers   vary: 'Accept-Encoding' }
23 silly get cb [ 304,
23 silly get   { date: 'Sun, 20 Nov 2016 09:35:41 GMT',
23 silly get     via: '1.1 varnish',
23 silly get     'cache-control': 'max-age=300',
23 silly get     etag: 'W/"5819863f-8d9d"',
23 silly get     age: '49',
23 silly get     connection: 'keep-alive',
23 silly get     'x-served-by': 'cache-sjc3647-SJC',
23 silly get     'x-cache': 'HIT',
23 silly get     'x-cache-hits': '1',
23 silly get     'x-timer': 'S1479634541.986452,VS0,VE0',
23 silly get     vary: 'Accept-Encoding' } ]
24 verbose etag https://registry.npmjs.org/express-generator from cache
25 verbose get saving express-generator to /Users/zpchan/.npm/registry.npmjs.org/express-generator/.cache.json
26 verbose correctMkdir /Users/zpchan/.npm correctMkdir not in flight; initializing
27 silly install normalizeTree
28 silly loadCurrentTree Finishing
29 silly loadIdealTree Starting
30 silly install loadIdealTree
31 silly cloneCurrentTree Starting
32 silly install cloneCurrentTreeToIdealTree
33 silly cloneCurrentTree Finishing
34 silly loadShrinkwrap Starting
35 silly install loadShrinkwrap
36 silly loadShrinkwrap Finishing
37 silly loadAllDepsIntoIdealTree Starting
38 silly install loadAllDepsIntoIdealTree
39 silly resolveWithNewModule express-generator@4.14.0 checking installable status
40 silly cache add args [ 'express-generator', null ]
41 verbose cache add spec express-generator
42 silly cache add parsed spec Result {
42 silly cache add   raw: 'express-generator',
42 silly cache add   scope: null,
42 silly cache add   escapedName: 'express-generator',
42 silly cache add   name: 'express-generator',
42 silly cache add   rawSpec: '',
42 silly cache add   spec: 'latest',
42 silly cache add   type: 'tag' }
43 silly addNamed express-generator@latest
44 verbose addNamed "latest" is being treated as a dist-tag for express-generator
45 info addNameTag [ 'express-generator', 'latest' ]
46 silly mapToRegistry name express-generator
47 silly mapToRegistry using default registry
48 silly mapToRegistry registry https://registry.npmjs.org/
49 silly mapToRegistry data Result {
49 silly mapToRegistry   raw: 'express-generator',
49 silly mapToRegistry   scope: null,
49 silly mapToRegistry   escapedName: 'express-generator',
49 silly mapToRegistry   name: 'express-generator',
49 silly mapToRegistry   rawSpec: '',
49 silly mapToRegistry   spec: 'latest',
49 silly mapToRegistry   type: 'tag' }
50 silly mapToRegistry uri https://registry.npmjs.org/express-generator
51 verbose addNameTag registry:https://registry.npmjs.org/express-generator not in flight; fetching
52 verbose get https://registry.npmjs.org/express-generator not expired, no request
53 silly addNameTag next cb for express-generator with tag latest
54 silly addNamed express-generator@4.14.0
55 verbose addNamed "4.14.0" is a plain semver version for express-generator
56 silly cache afterAdd express-generator@4.14.0
57 verbose afterAdd /Users/zpchan/.npm/express-generator/4.14.0/package/package.json not in flight; writing
58 verbose correctMkdir /Users/zpchan/.npm correctMkdir not in flight; initializing
59 verbose afterAdd /Users/zpchan/.npm/express-generator/4.14.0/package/package.json written
60 silly fetchNamedPackageData commander
61 silly mapToRegistry name commander
62 silly mapToRegistry using default registry
63 silly mapToRegistry registry https://registry.npmjs.org/
64 silly mapToRegistry data Result {
64 silly mapToRegistry   raw: 'commander',
64 silly mapToRegistry   scope: null,
64 silly mapToRegistry   escapedName: 'commander',
64 silly mapToRegistry   name: 'commander',
64 silly mapToRegistry   rawSpec: '',
64 silly mapToRegistry   spec: 'latest',
64 silly mapToRegistry   type: 'tag' }
65 silly mapToRegistry uri https://registry.npmjs.org/commander
66 silly fetchNamedPackageData mkdirp
67 silly mapToRegistry name mkdirp
68 silly mapToRegistry using default registry
69 silly mapToRegistry registry https://registry.npmjs.org/
70 silly mapToRegistry data Result {
70 silly mapToRegistry   raw: 'mkdirp',
70 silly mapToRegistry   scope: null,
70 silly mapToRegistry   escapedName: 'mkdirp',
70 silly mapToRegistry   name: 'mkdirp',
70 silly mapToRegistry   rawSpec: '',
70 silly mapToRegistry   spec: 'latest',
70 silly mapToRegistry   type: 'tag' }
71 silly mapToRegistry uri https://registry.npmjs.org/mkdirp
72 silly fetchNamedPackageData sorted-object
73 silly mapToRegistry name sorted-object
74 silly mapToRegistry using default registry
75 silly mapToRegistry registry https://registry.npmjs.org/
76 silly mapToRegistry data Result {
76 silly mapToRegistry   raw: 'sorted-object',
76 silly mapToRegistry   scope: null,
76 silly mapToRegistry   escapedName: 'sorted-object',
76 silly mapToRegistry   name: 'sorted-object',
76 silly mapToRegistry   rawSpec: '',
76 silly mapToRegistry   spec: 'latest',
76 silly mapToRegistry   type: 'tag' }
77 silly mapToRegistry uri https://registry.npmjs.org/sorted-object
78 verbose request uri https://registry.npmjs.org/sorted-object
79 verbose request no auth needed
80 info attempt registry request try #1 at 1:35:42 AM
81 verbose etag W/"57d499b1-1545"
82 verbose lastModified Sat, 10 Sep 2016 23:39:29 GMT
83 http request GET https://registry.npmjs.org/sorted-object
84 verbose request uri https://registry.npmjs.org/commander
85 verbose request no auth needed
86 info attempt registry request try #1 at 1:35:42 AM
87 verbose etag W/"582fd58a-fb88"
88 verbose lastModified Sat, 19 Nov 2016 04:31:06 GMT
89 http request GET https://registry.npmjs.org/commander
90 verbose request uri https://registry.npmjs.org/mkdirp
91 verbose request no auth needed
92 info attempt registry request try #1 at 1:35:42 AM
93 verbose etag W/"582dbdfb-6068"
94 verbose lastModified Thu, 17 Nov 2016 14:26:03 GMT
95 http request GET https://registry.npmjs.org/mkdirp
96 http 304 https://registry.npmjs.org/sorted-object
97 verbose headers { date: 'Sun, 20 Nov 2016 09:35:42 GMT',
97 verbose headers   via: '1.1 varnish',
97 verbose headers   'cache-control': 'max-age=300',
97 verbose headers   etag: 'W/"57d499b1-1545"',
97 verbose headers   age: '49',
97 verbose headers   connection: 'keep-alive',
97 verbose headers   'x-served-by': 'cache-sjc3647-SJC',
97 verbose headers   'x-cache': 'HIT',
97 verbose headers   'x-cache-hits': '1',
97 verbose headers   'x-timer': 'S1479634542.100558,VS0,VE0',
97 verbose headers   vary: 'Accept-Encoding' }
98 silly get cb [ 304,
98 silly get   { date: 'Sun, 20 Nov 2016 09:35:42 GMT',
98 silly get     via: '1.1 varnish',
98 silly get     'cache-control': 'max-age=300',
98 silly get     etag: 'W/"57d499b1-1545"',
98 silly get     age: '49',
98 silly get     connection: 'keep-alive',
98 silly get     'x-served-by': 'cache-sjc3647-SJC',
98 silly get     'x-cache': 'HIT',
98 silly get     'x-cache-hits': '1',
98 silly get     'x-timer': 'S1479634542.100558,VS0,VE0',
98 silly get     vary: 'Accept-Encoding' } ]
99 verbose etag https://registry.npmjs.org/sorted-object from cache
100 verbose get saving sorted-object to /Users/zpchan/.npm/registry.npmjs.org/sorted-object/.cache.json
101 verbose correctMkdir /Users/zpchan/.npm correctMkdir not in flight; initializing
102 silly resolveWithNewModule sorted-object@2.0.0 checking installable status
103 silly cache add args [ 'sorted-object@2.0.0', null ]
104 verbose cache add spec sorted-object@2.0.0
105 silly cache add parsed spec Result {
105 silly cache add   raw: 'sorted-object@2.0.0',
105 silly cache add   scope: null,
105 silly cache add   escapedName: 'sorted-object',
105 silly cache add   name: 'sorted-object',
105 silly cache add   rawSpec: '2.0.0',
105 silly cache add   spec: '2.0.0',
105 silly cache add   type: 'version' }
106 silly addNamed sorted-object@2.0.0
107 verbose addNamed "2.0.0" is a plain semver version for sorted-object
108 silly mapToRegistry name sorted-object
109 silly mapToRegistry using default registry
110 silly mapToRegistry registry https://registry.npmjs.org/
111 silly mapToRegistry data Result {
111 silly mapToRegistry   raw: 'sorted-object',
111 silly mapToRegistry   scope: null,
111 silly mapToRegistry   escapedName: 'sorted-object',
111 silly mapToRegistry   name: 'sorted-object',
111 silly mapToRegistry   rawSpec: '',
111 silly mapToRegistry   spec: 'latest',
111 silly mapToRegistry   type: 'tag' }
112 silly mapToRegistry uri https://registry.npmjs.org/sorted-object
113 verbose addNameVersion registry:https://registry.npmjs.org/sorted-object not in flight; fetching
114 verbose get https://registry.npmjs.org/sorted-object not expired, no request
115 silly cache afterAdd sorted-object@2.0.0
116 verbose afterAdd /Users/zpchan/.npm/sorted-object/2.0.0/package/package.json not in flight; writing
117 verbose correctMkdir /Users/zpchan/.npm correctMkdir not in flight; initializing
118 verbose afterAdd /Users/zpchan/.npm/sorted-object/2.0.0/package/package.json written
119 http 304 https://registry.npmjs.org/commander
120 verbose headers { date: 'Sun, 20 Nov 2016 09:35:42 GMT',
120 verbose headers   via: '1.1 varnish',
120 verbose headers   'cache-control': 'max-age=300',
120 verbose headers   etag: 'W/"582fd58a-fb88"',
120 verbose headers   age: '224',
120 verbose headers   connection: 'keep-alive',
120 verbose headers   'x-served-by': 'cache-sjc3135-SJC',
120 verbose headers   'x-cache': 'HIT',
120 verbose headers   'x-cache-hits': '2',
120 verbose headers   'x-timer': 'S1479634542.130455,VS0,VE0',
120 verbose headers   vary: 'Accept-Encoding' }
121 silly get cb [ 304,
121 silly get   { date: 'Sun, 20 Nov 2016 09:35:42 GMT',
121 silly get     via: '1.1 varnish',
121 silly get     'cache-control': 'max-age=300',
121 silly get     etag: 'W/"582fd58a-fb88"',
121 silly get     age: '224',
121 silly get     connection: 'keep-alive',
121 silly get     'x-served-by': 'cache-sjc3135-SJC',
121 silly get     'x-cache': 'HIT',
121 silly get     'x-cache-hits': '2',
121 silly get     'x-timer': 'S1479634542.130455,VS0,VE0',
121 silly get     vary: 'Accept-Encoding' } ]
122 verbose etag https://registry.npmjs.org/commander from cache
123 verbose get saving commander to /Users/zpchan/.npm/registry.npmjs.org/commander/.cache.json
124 verbose correctMkdir /Users/zpchan/.npm correctMkdir not in flight; initializing
125 silly resolveWithNewModule commander@2.9.0 checking installable status
126 silly cache add args [ 'commander@2.9.0', null ]
127 verbose cache add spec commander@2.9.0
128 silly cache add parsed spec Result {
128 silly cache add   raw: 'commander@2.9.0',
128 silly cache add   scope: null,
128 silly cache add   escapedName: 'commander',
128 silly cache add   name: 'commander',
128 silly cache add   rawSpec: '2.9.0',
128 silly cache add   spec: '2.9.0',
128 silly cache add   type: 'version' }
129 silly addNamed commander@2.9.0
130 verbose addNamed "2.9.0" is a plain semver version for commander
131 silly mapToRegistry name commander
132 silly mapToRegistry using default registry
133 silly mapToRegistry registry https://registry.npmjs.org/
134 silly mapToRegistry data Result {
134 silly mapToRegistry   raw: 'commander',
134 silly mapToRegistry   scope: null,
134 silly mapToRegistry   escapedName: 'commander',
134 silly mapToRegistry   name: 'commander',
134 silly mapToRegistry   rawSpec: '',
134 silly mapToRegistry   spec: 'latest',
134 silly mapToRegistry   type: 'tag' }
135 silly mapToRegistry uri https://registry.npmjs.org/commander
136 verbose addNameVersion registry:https://registry.npmjs.org/commander not in flight; fetching
137 http 304 https://registry.npmjs.org/mkdirp
138 verbose headers { date: 'Sun, 20 Nov 2016 09:35:42 GMT',
138 verbose headers   via: '1.1 varnish',
138 verbose headers   'cache-control': 'max-age=300',
138 verbose headers   etag: 'W/"582dbdfb-6068"',
138 verbose headers   age: '273',
138 verbose headers   connection: 'keep-alive',
138 verbose headers   'x-served-by': 'cache-sjc3643-SJC',
138 verbose headers   'x-cache': 'HIT',
138 verbose headers   'x-cache-hits': '1',
138 verbose headers   'x-timer': 'S1479634542.137050,VS0,VE0',
138 verbose headers   vary: 'Accept-Encoding' }
139 silly get cb [ 304,
139 silly get   { date: 'Sun, 20 Nov 2016 09:35:42 GMT',
139 silly get     via: '1.1 varnish',
139 silly get     'cache-control': 'max-age=300',
139 silly get     etag: 'W/"582dbdfb-6068"',
139 silly get     age: '273',
139 silly get     connection: 'keep-alive',
139 silly get     'x-served-by': 'cache-sjc3643-SJC',
139 silly get     'x-cache': 'HIT',
139 silly get     'x-cache-hits': '1',
139 silly get     'x-timer': 'S1479634542.137050,VS0,VE0',
139 silly get     vary: 'Accept-Encoding' } ]
140 verbose etag https://registry.npmjs.org/mkdirp from cache
141 verbose get saving mkdirp to /Users/zpchan/.npm/registry.npmjs.org/mkdirp/.cache.json
142 verbose correctMkdir /Users/zpchan/.npm correctMkdir not in flight; initializing
143 verbose get https://registry.npmjs.org/commander not expired, no request
144 silly cache afterAdd commander@2.9.0
145 verbose afterAdd /Users/zpchan/.npm/commander/2.9.0/package/package.json not in flight; writing
146 verbose correctMkdir /Users/zpchan/.npm correctMkdir not in flight; initializing
147 silly resolveWithNewModule mkdirp@0.5.1 checking installable status
148 silly cache add args [ 'mkdirp@0.5.1', null ]
149 verbose cache add spec mkdirp@0.5.1
150 silly cache add parsed spec Result {
150 silly cache add   raw: 'mkdirp@0.5.1',
150 silly cache add   scope: null,
150 silly cache add   escapedName: 'mkdirp',
150 silly cache add   name: 'mkdirp',
150 silly cache add   rawSpec: '0.5.1',
150 silly cache add   spec: '0.5.1',
150 silly cache add   type: 'version' }
151 silly addNamed mkdirp@0.5.1
152 verbose addNamed "0.5.1" is a plain semver version for mkdirp
153 silly mapToRegistry name mkdirp
154 silly mapToRegistry using default registry
155 silly mapToRegistry registry https://registry.npmjs.org/
156 silly mapToRegistry data Result {
156 silly mapToRegistry   raw: 'mkdirp',
156 silly mapToRegistry   scope: null,
156 silly mapToRegistry   escapedName: 'mkdirp',
156 silly mapToRegistry   name: 'mkdirp',
156 silly mapToRegistry   rawSpec: '',
156 silly mapToRegistry   spec: 'latest',
156 silly mapToRegistry   type: 'tag' }
157 silly mapToRegistry uri https://registry.npmjs.org/mkdirp
158 verbose addNameVersion registry:https://registry.npmjs.org/mkdirp not in flight; fetching
159 verbose get https://registry.npmjs.org/mkdirp not expired, no request
160 verbose afterAdd /Users/zpchan/.npm/commander/2.9.0/package/package.json written
161 silly cache afterAdd mkdirp@0.5.1
162 verbose afterAdd /Users/zpchan/.npm/mkdirp/0.5.1/package/package.json not in flight; writing
163 verbose correctMkdir /Users/zpchan/.npm correctMkdir not in flight; initializing
164 verbose afterAdd /Users/zpchan/.npm/mkdirp/0.5.1/package/package.json written
165 silly fetchNamedPackageData graceful-readlink
166 silly mapToRegistry name graceful-readlink
167 silly mapToRegistry using default registry
168 silly mapToRegistry registry https://registry.npmjs.org/
169 silly mapToRegistry data Result {
169 silly mapToRegistry   raw: 'graceful-readlink',
169 silly mapToRegistry   scope: null,
169 silly mapToRegistry   escapedName: 'graceful-readlink',
169 silly mapToRegistry   name: 'graceful-readlink',
169 silly mapToRegistry   rawSpec: '',
169 silly mapToRegistry   spec: 'latest',
169 silly mapToRegistry   type: 'tag' }
170 silly mapToRegistry uri https://registry.npmjs.org/graceful-readlink
171 verbose request uri https://registry.npmjs.org/graceful-readlink
172 verbose request no auth needed
173 info attempt registry request try #1 at 1:35:42 AM
174 verbose etag W/"5818d05e-c0c"
175 verbose lastModified Tue, 01 Nov 2016 17:26:54 GMT
176 http request GET https://registry.npmjs.org/graceful-readlink
177 http 304 https://registry.npmjs.org/graceful-readlink
178 verbose headers { date: 'Sun, 20 Nov 2016 09:35:42 GMT',
178 verbose headers   via: '1.1 varnish',
178 verbose headers   'cache-control': 'max-age=300',
178 verbose headers   etag: 'W/"5818d05e-c0c"',
178 verbose headers   age: '94',
178 verbose headers   connection: 'keep-alive',
178 verbose headers   'x-served-by': 'cache-sjc3647-SJC',
178 verbose headers   'x-cache': 'HIT',
178 verbose headers   'x-cache-hits': '1',
178 verbose headers   'x-timer': 'S1479634542.178978,VS0,VE0',
178 verbose headers   vary: 'Accept-Encoding' }
179 silly get cb [ 304,
179 silly get   { date: 'Sun, 20 Nov 2016 09:35:42 GMT',
179 silly get     via: '1.1 varnish',
179 silly get     'cache-control': 'max-age=300',
179 silly get     etag: 'W/"5818d05e-c0c"',
179 silly get     age: '94',
179 silly get     connection: 'keep-alive',
179 silly get     'x-served-by': 'cache-sjc3647-SJC',
179 silly get     'x-cache': 'HIT',
179 silly get     'x-cache-hits': '1',
179 silly get     'x-timer': 'S1479634542.178978,VS0,VE0',
179 silly get     vary: 'Accept-Encoding' } ]
180 verbose etag https://registry.npmjs.org/graceful-readlink from cache
181 verbose get saving graceful-readlink to /Users/zpchan/.npm/registry.npmjs.org/graceful-readlink/.cache.json
182 verbose correctMkdir /Users/zpchan/.npm correctMkdir not in flight; initializing
183 silly resolveWithNewModule graceful-readlink@1.0.1 checking installable status
184 silly cache add args [ 'graceful-readlink@>= 1.0.0', null ]
185 verbose cache add spec graceful-readlink@>= 1.0.0
186 silly cache add parsed spec Result {
186 silly cache add   raw: 'graceful-readlink@>= 1.0.0',
186 silly cache add   scope: null,
186 silly cache add   escapedName: 'graceful-readlink',
186 silly cache add   name: 'graceful-readlink',
186 silly cache add   rawSpec: '>= 1.0.0',
186 silly cache add   spec: '>=1.0.0',
186 silly cache add   type: 'range' }
187 silly addNamed graceful-readlink@>=1.0.0
188 verbose addNamed ">=1.0.0" is a valid semver range for graceful-readlink
189 silly addNameRange { name: 'graceful-readlink', range: '>=1.0.0', hasData: false }
190 silly mapToRegistry name graceful-readlink
191 silly mapToRegistry using default registry
192 silly mapToRegistry registry https://registry.npmjs.org/
193 silly mapToRegistry data Result {
193 silly mapToRegistry   raw: 'graceful-readlink',
193 silly mapToRegistry   scope: null,
193 silly mapToRegistry   escapedName: 'graceful-readlink',
193 silly mapToRegistry   name: 'graceful-readlink',
193 silly mapToRegistry   rawSpec: '',
193 silly mapToRegistry   spec: 'latest',
193 silly mapToRegistry   type: 'tag' }
194 silly mapToRegistry uri https://registry.npmjs.org/graceful-readlink
195 verbose addNameRange registry:https://registry.npmjs.org/graceful-readlink not in flight; fetching
196 verbose get https://registry.npmjs.org/graceful-readlink not expired, no request
197 silly addNameRange number 2 { name: 'graceful-readlink', range: '>=1.0.0', hasData: true }
198 silly addNameRange versions [ 'graceful-readlink', [ '1.0.0', '1.0.1' ] ]
199 silly addNamed graceful-readlink@1.0.1
200 verbose addNamed "1.0.1" is a plain semver version for graceful-readlink
201 silly cache afterAdd graceful-readlink@1.0.1
202 verbose afterAdd /Users/zpchan/.npm/graceful-readlink/1.0.1/package/package.json not in flight; writing
203 verbose correctMkdir /Users/zpchan/.npm correctMkdir not in flight; initializing
204 verbose afterAdd /Users/zpchan/.npm/graceful-readlink/1.0.1/package/package.json written
205 silly fetchNamedPackageData minimist
206 silly mapToRegistry name minimist
207 silly mapToRegistry using default registry
208 silly mapToRegistry registry https://registry.npmjs.org/
209 silly mapToRegistry data Result {
209 silly mapToRegistry   raw: 'minimist',
209 silly mapToRegistry   scope: null,
209 silly mapToRegistry   escapedName: 'minimist',
209 silly mapToRegistry   name: 'minimist',
209 silly mapToRegistry   rawSpec: '',
209 silly mapToRegistry   spec: 'latest',
209 silly mapToRegistry   type: 'tag' }
210 silly mapToRegistry uri https://registry.npmjs.org/minimist
211 verbose request uri https://registry.npmjs.org/minimist
212 verbose request no auth needed
213 info attempt registry request try #1 at 1:35:42 AM
214 verbose etag W/"5830b9d6-71e4"
215 verbose lastModified Sat, 19 Nov 2016 20:45:10 GMT
216 http request GET https://registry.npmjs.org/minimist
217 http 304 https://registry.npmjs.org/minimist
218 verbose headers { date: 'Sun, 20 Nov 2016 09:35:42 GMT',
218 verbose headers   via: '1.1 varnish',
218 verbose headers   'cache-control': 'max-age=300',
218 verbose headers   etag: 'W/"5830b9d6-71e4"',
218 verbose headers   age: '262',
218 verbose headers   connection: 'keep-alive',
218 verbose headers   'x-served-by': 'cache-sjc3135-SJC',
218 verbose headers   'x-cache': 'HIT',
218 verbose headers   'x-cache-hits': '3',
218 verbose headers   'x-timer': 'S1479634542.232055,VS0,VE0',
218 verbose headers   vary: 'Accept-Encoding' }
219 silly get cb [ 304,
219 silly get   { date: 'Sun, 20 Nov 2016 09:35:42 GMT',
219 silly get     via: '1.1 varnish',
219 silly get     'cache-control': 'max-age=300',
219 silly get     etag: 'W/"5830b9d6-71e4"',
219 silly get     age: '262',
219 silly get     connection: 'keep-alive',
219 silly get     'x-served-by': 'cache-sjc3135-SJC',
219 silly get     'x-cache': 'HIT',
219 silly get     'x-cache-hits': '3',
219 silly get     'x-timer': 'S1479634542.232055,VS0,VE0',
219 silly get     vary: 'Accept-Encoding' } ]
220 verbose etag https://registry.npmjs.org/minimist from cache
221 verbose get saving minimist to /Users/zpchan/.npm/registry.npmjs.org/minimist/.cache.json
222 verbose correctMkdir /Users/zpchan/.npm correctMkdir not in flight; initializing
223 silly resolveWithNewModule minimist@0.0.8 checking installable status
224 silly cache add args [ 'minimist@0.0.8', null ]
225 verbose cache add spec minimist@0.0.8
226 silly cache add parsed spec Result {
226 silly cache add   raw: 'minimist@0.0.8',
226 silly cache add   scope: null,
226 silly cache add   escapedName: 'minimist',
226 silly cache add   name: 'minimist',
226 silly cache add   rawSpec: '0.0.8',
226 silly cache add   spec: '0.0.8',
226 silly cache add   type: 'version' }
227 silly addNamed minimist@0.0.8
228 verbose addNamed "0.0.8" is a plain semver version for minimist
229 silly mapToRegistry name minimist
230 silly mapToRegistry using default registry
231 silly mapToRegistry registry https://registry.npmjs.org/
232 silly mapToRegistry data Result {
232 silly mapToRegistry   raw: 'minimist',
232 silly mapToRegistry   scope: null,
232 silly mapToRegistry   escapedName: 'minimist',
232 silly mapToRegistry   name: 'minimist',
232 silly mapToRegistry   rawSpec: '',
232 silly mapToRegistry   spec: 'latest',
232 silly mapToRegistry   type: 'tag' }
233 silly mapToRegistry uri https://registry.npmjs.org/minimist
234 verbose addNameVersion registry:https://registry.npmjs.org/minimist not in flight; fetching
235 verbose get https://registry.npmjs.org/minimist not expired, no request
236 silly cache afterAdd minimist@0.0.8
237 verbose afterAdd /Users/zpchan/.npm/minimist/0.0.8/package/package.json not in flight; writing
238 verbose correctMkdir /Users/zpchan/.npm correctMkdir not in flight; initializing
239 verbose afterAdd /Users/zpchan/.npm/minimist/0.0.8/package/package.json written
240 silly loadAllDepsIntoIdealTree Finishing
241 silly loadIdealTree Finishing
242 silly currentTree lib
243 silly idealTree lib
243 silly idealTree └─┬ express-generator@4.14.0
243 silly idealTree   ├── commander@2.9.0
243 silly idealTree   ├── graceful-readlink@1.0.1
243 silly idealTree   ├── minimist@0.0.8
243 silly idealTree   ├── mkdirp@0.5.1
243 silly idealTree   └── sorted-object@2.0.0
244 silly generateActionsToTake Starting
245 silly install generateActionsToTake
246 warn checkPermissions Missing write access to /usr/local/lib/node_modules
247 silly rollbackFailedOptional Starting
248 silly rollbackFailedOptional Finishing
249 silly runTopLevelLifecycles Finishing
250 silly install printInstalled
251 verbose stack Error: EACCES: permission denied, access '/usr/local/lib/node_modules'
251 verbose stack     at Error (native)
252 verbose cwd /Users/zpchan/Documents/Source/Testing
253 error Darwin 16.0.0
254 error argv "/usr/local/bin/node" "/usr/local/bin/npm" "install" "express-generator" "-g"
255 error node v6.9.1
256 error npm  v3.10.8
257 error path /usr/local/lib/node_modules
258 error code EACCES
259 error errno -13
260 error syscall access
261 error Error: EACCES: permission denied, access '/usr/local/lib/node_modules'
261 error     at Error (native)
261 error  { Error: EACCES: permission denied, access '/usr/local/lib/node_modules'
261 error     at Error (native)
261 error   errno: -13,
261 error   code: 'EACCES',
261 error   syscall: 'access',
261 error   path: '/usr/local/lib/node_modules' }
262 error Please try running this command again as root/Administrator.
263 verbose exit [ -13, true ]
